<?xml version="1.0" encoding="UTF-8"?>
<!-- Generated by org.testng.reporters.JUnitReportReporter -->
<testsuite hostname="INBook_X1" failures="0" tests="1" name="practice.XML_First" time="23.439" errors="0" timestamp="2023-04-19T16:12:22 IST" skipped="0">
  <testcase classname="practice.XML_First" name="demo" time="23.439"/>
  <system-out/>
</testsuite> <!-- practice.XML_First -->
