<?xml version="1.0" encoding="UTF-8"?>
<!-- Generated by org.testng.reporters.JUnitReportReporter -->
<testsuite hostname="INBook_X1" failures="0" tests="1" name="practice.Myntra" time="25.133" errors="0" timestamp="2023-05-03T15:23:49 IST" skipped="0">
  <testcase classname="practice.Myntra" name="myntra" time="25.133"/>
  <system-out/>
</testsuite> <!-- practice.Myntra -->
