<?xml version="1.0" encoding="UTF-8"?>
<!-- Generated by org.testng.reporters.JUnitReportReporter -->
<testsuite hostname="INBook_X1" failures="0" tests="2" name="practice.Testcase1" time="0.005" errors="0" timestamp="2023-04-11T00:04:01 IST" skipped="0">
  <testcase classname="practice.Testcase1" name="tc1" time="0.003"/>
  <system-out/>
  <testcase classname="practice.Testcase1" name="tc1" time="0.002"/>
  <system-out/>
</testsuite> <!-- practice.Testcase1 -->
